Traceback (most recent call last):
  File "/usr/share/miniconda3/envs/gridding-cookbook-dev/lib/python3.10/site-packages/jupyter_cache/executors/utils.py", line 51, in single_nb_execution
    executenb(
  File "/usr/share/miniconda3/envs/gridding-cookbook-dev/lib/python3.10/site-packages/nbclient/client.py", line 1204, in execute
    return NotebookClient(nb=nb, resources=resources, km=km, **kwargs).execute()
  File "/usr/share/miniconda3/envs/gridding-cookbook-dev/lib/python3.10/site-packages/nbclient/util.py", line 84, in wrapped
    return just_run(coro(*args, **kwargs))
  File "/usr/share/miniconda3/envs/gridding-cookbook-dev/lib/python3.10/site-packages/nbclient/util.py", line 62, in just_run
    return loop.run_until_complete(coro)
  File "/usr/share/miniconda3/envs/gridding-cookbook-dev/lib/python3.10/asyncio/base_events.py", line 649, in run_until_complete
    return future.result()
  File "/usr/share/miniconda3/envs/gridding-cookbook-dev/lib/python3.10/site-packages/nbclient/client.py", line 663, in async_execute
    await self.async_execute_cell(
  File "/usr/share/miniconda3/envs/gridding-cookbook-dev/lib/python3.10/site-packages/nbclient/client.py", line 965, in async_execute_cell
    await self._check_raise_for_error(cell, cell_index, exec_reply)
  File "/usr/share/miniconda3/envs/gridding-cookbook-dev/lib/python3.10/site-packages/nbclient/client.py", line 862, in _check_raise_for_error
    raise CellExecutionError.from_cell_and_msg(cell, exec_reply_content)
nbclient.exceptions.CellExecutionError: An error occurred while executing the following cell:
------------------
area_def, cf_info = load_cf_area('data/onestorm.nc', variable='visible', x='x', y='y')
------------------

[0;31m---------------------------------------------------------------------------[0m
[0;31mKeyError[0m                                  Traceback (most recent call last)
File [0;32m/usr/share/miniconda3/envs/gridding-cookbook-dev/lib/python3.10/site-packages/xarray/backends/file_manager.py:209[0m, in [0;36mCachingFileManager._acquire_with_cache_info[0;34m(self, needs_lock)[0m
[1;32m    208[0m [38;5;28;01mtry[39;00m:
[0;32m--> 209[0m     file [38;5;241m=[39m [38;5;28;43mself[39;49m[38;5;241;43m.[39;49m[43m_cache[49m[43m[[49m[38;5;28;43mself[39;49m[38;5;241;43m.[39;49m[43m_key[49m[43m][49m
[1;32m    210[0m [38;5;28;01mexcept[39;00m [38;5;167;01mKeyError[39;00m:

File [0;32m/usr/share/miniconda3/envs/gridding-cookbook-dev/lib/python3.10/site-packages/xarray/backends/lru_cache.py:55[0m, in [0;36mLRUCache.__getitem__[0;34m(self, key)[0m
[1;32m     54[0m [38;5;28;01mwith[39;00m [38;5;28mself[39m[38;5;241m.[39m_lock:
[0;32m---> 55[0m     value [38;5;241m=[39m [38;5;28;43mself[39;49m[38;5;241;43m.[39;49m[43m_cache[49m[43m[[49m[43mkey[49m[43m][49m
[1;32m     56[0m     [38;5;28mself[39m[38;5;241m.[39m_cache[38;5;241m.[39mmove_to_end(key)

[0;31mKeyError[0m: [<class 'netCDF4._netCDF4.Dataset'>, ('/home/runner/work/gridding-cookbook/gridding-cookbook/notebooks/data/onestorm.nc',), 'r', (('clobber', True), ('diskless', False), ('format', 'NETCDF4'), ('persist', False)), 'b1793082-d845-453d-9755-5e64b8aa4264']

During handling of the above exception, another exception occurred:

[0;31mFileNotFoundError[0m                         Traceback (most recent call last)
File [0;32m/usr/share/miniconda3/envs/gridding-cookbook-dev/lib/python3.10/site-packages/pyresample/utils/cf.py:464[0m, in [0;36mload_cf_area[0;34m(nc_file, variable, y, x)[0m
[1;32m    463[0m [38;5;28;01mtry[39;00m:
[0;32m--> 464[0m     nc_handle [38;5;241m=[39m [43mxr[49m[38;5;241;43m.[39;49m[43mopen_dataset[49m[43m([49m[43mnc_file[49m[43m)[49m
[1;32m    465[0m [38;5;28;01mexcept[39;00m [38;5;167;01mFileNotFoundError[39;00m [38;5;28;01mas[39;00m ex:

File [0;32m/usr/share/miniconda3/envs/gridding-cookbook-dev/lib/python3.10/site-packages/xarray/backends/api.py:540[0m, in [0;36mopen_dataset[0;34m(filename_or_obj, engine, chunks, cache, decode_cf, mask_and_scale, decode_times, decode_timedelta, use_cftime, concat_characters, decode_coords, drop_variables, inline_array, backend_kwargs, **kwargs)[0m
[1;32m    539[0m overwrite_encoded_chunks [38;5;241m=[39m kwargs[38;5;241m.[39mpop([38;5;124m"[39m[38;5;124moverwrite_encoded_chunks[39m[38;5;124m"[39m, [38;5;28;01mNone[39;00m)
[0;32m--> 540[0m backend_ds [38;5;241m=[39m [43mbackend[49m[38;5;241;43m.[39;49m[43mopen_dataset[49m[43m([49m
[1;32m    541[0m [43m    [49m[43mfilename_or_obj[49m[43m,[49m
[1;32m    542[0m [43m    [49m[43mdrop_variables[49m[38;5;241;43m=[39;49m[43mdrop_variables[49m[43m,[49m
[1;32m    543[0m [43m    [49m[38;5;241;43m*[39;49m[38;5;241;43m*[39;49m[43mdecoders[49m[43m,[49m
[1;32m    544[0m [43m    [49m[38;5;241;43m*[39;49m[38;5;241;43m*[39;49m[43mkwargs[49m[43m,[49m
[1;32m    545[0m [43m[49m[43m)[49m
[1;32m    546[0m ds [38;5;241m=[39m _dataset_from_backend_dataset(
[1;32m    547[0m     backend_ds,
[1;32m    548[0m     filename_or_obj,
[0;32m   (...)[0m
[1;32m    556[0m     [38;5;241m*[39m[38;5;241m*[39mkwargs,
[1;32m    557[0m )

File [0;32m/usr/share/miniconda3/envs/gridding-cookbook-dev/lib/python3.10/site-packages/xarray/backends/netCDF4_.py:572[0m, in [0;36mNetCDF4BackendEntrypoint.open_dataset[0;34m(self, filename_or_obj, mask_and_scale, decode_times, concat_characters, decode_coords, drop_variables, use_cftime, decode_timedelta, group, mode, format, clobber, diskless, persist, lock, autoclose)[0m
[1;32m    571[0m filename_or_obj [38;5;241m=[39m _normalize_path(filename_or_obj)
[0;32m--> 572[0m store [38;5;241m=[39m [43mNetCDF4DataStore[49m[38;5;241;43m.[39;49m[43mopen[49m[43m([49m
[1;32m    573[0m [43m    [49m[43mfilename_or_obj[49m[43m,[49m
[1;32m    574[0m [43m    [49m[43mmode[49m[38;5;241;43m=[39;49m[43mmode[49m[43m,[49m
[1;32m    575[0m [43m    [49m[38;5;28;43mformat[39;49m[38;5;241;43m=[39;49m[38;5;28;43mformat[39;49m[43m,[49m
[1;32m    576[0m [43m    [49m[43mgroup[49m[38;5;241;43m=[39;49m[43mgroup[49m[43m,[49m
[1;32m    577[0m [43m    [49m[43mclobber[49m[38;5;241;43m=[39;49m[43mclobber[49m[43m,[49m
[1;32m    578[0m [43m    [49m[43mdiskless[49m[38;5;241;43m=[39;49m[43mdiskless[49m[43m,[49m
[1;32m    579[0m [43m    [49m[43mpersist[49m[38;5;241;43m=[39;49m[43mpersist[49m[43m,[49m
[1;32m    580[0m [43m    [49m[43mlock[49m[38;5;241;43m=[39;49m[43mlock[49m[43m,[49m
[1;32m    581[0m [43m    [49m[43mautoclose[49m[38;5;241;43m=[39;49m[43mautoclose[49m[43m,[49m
[1;32m    582[0m [43m[49m[43m)[49m
[1;32m    584[0m store_entrypoint [38;5;241m=[39m StoreBackendEntrypoint()

File [0;32m/usr/share/miniconda3/envs/gridding-cookbook-dev/lib/python3.10/site-packages/xarray/backends/netCDF4_.py:376[0m, in [0;36mNetCDF4DataStore.open[0;34m(cls, filename, mode, format, group, clobber, diskless, persist, lock, lock_maker, autoclose)[0m
[1;32m    373[0m manager [38;5;241m=[39m CachingFileManager(
[1;32m    374[0m     netCDF4[38;5;241m.[39mDataset, filename, mode[38;5;241m=[39mmode, kwargs[38;5;241m=[39mkwargs
[1;32m    375[0m )
[0;32m--> 376[0m [38;5;28;01mreturn[39;00m [38;5;28;43mcls[39;49m[43m([49m[43mmanager[49m[43m,[49m[43m [49m[43mgroup[49m[38;5;241;43m=[39;49m[43mgroup[49m[43m,[49m[43m [49m[43mmode[49m[38;5;241;43m=[39;49m[43mmode[49m[43m,[49m[43m [49m[43mlock[49m[38;5;241;43m=[39;49m[43mlock[49m[43m,[49m[43m [49m[43mautoclose[49m[38;5;241;43m=[39;49m[43mautoclose[49m[43m)[49m

File [0;32m/usr/share/miniconda3/envs/gridding-cookbook-dev/lib/python3.10/site-packages/xarray/backends/netCDF4_.py:323[0m, in [0;36mNetCDF4DataStore.__init__[0;34m(self, manager, group, mode, lock, autoclose)[0m
[1;32m    322[0m [38;5;28mself[39m[38;5;241m.[39m_mode [38;5;241m=[39m mode
[0;32m--> 323[0m [38;5;28mself[39m[38;5;241m.[39mformat [38;5;241m=[39m [38;5;28;43mself[39;49m[38;5;241;43m.[39;49m[43mds[49m[38;5;241m.[39mdata_model
[1;32m    324[0m [38;5;28mself[39m[38;5;241m.[39m_filename [38;5;241m=[39m [38;5;28mself[39m[38;5;241m.[39mds[38;5;241m.[39mfilepath()

File [0;32m/usr/share/miniconda3/envs/gridding-cookbook-dev/lib/python3.10/site-packages/xarray/backends/netCDF4_.py:385[0m, in [0;36mNetCDF4DataStore.ds[0;34m(self)[0m
[1;32m    383[0m [38;5;129m@property[39m
[1;32m    384[0m [38;5;28;01mdef[39;00m [38;5;21mds[39m([38;5;28mself[39m):
[0;32m--> 385[0m     [38;5;28;01mreturn[39;00m [38;5;28;43mself[39;49m[38;5;241;43m.[39;49m[43m_acquire[49m[43m([49m[43m)[49m

File [0;32m/usr/share/miniconda3/envs/gridding-cookbook-dev/lib/python3.10/site-packages/xarray/backends/netCDF4_.py:379[0m, in [0;36mNetCDF4DataStore._acquire[0;34m(self, needs_lock)[0m
[1;32m    378[0m [38;5;28;01mdef[39;00m [38;5;21m_acquire[39m([38;5;28mself[39m, needs_lock[38;5;241m=[39m[38;5;28;01mTrue[39;00m):
[0;32m--> 379[0m     [38;5;28;01mwith[39;00m [38;5;28mself[39m[38;5;241m.[39m_manager[38;5;241m.[39macquire_context(needs_lock) [38;5;28;01mas[39;00m root:
[1;32m    380[0m         ds [38;5;241m=[39m _nc4_require_group(root, [38;5;28mself[39m[38;5;241m.[39m_group, [38;5;28mself[39m[38;5;241m.[39m_mode)

File [0;32m/usr/share/miniconda3/envs/gridding-cookbook-dev/lib/python3.10/contextlib.py:135[0m, in [0;36m_GeneratorContextManager.__enter__[0;34m(self)[0m
[1;32m    134[0m [38;5;28;01mtry[39;00m:
[0;32m--> 135[0m     [38;5;28;01mreturn[39;00m [38;5;28;43mnext[39;49m[43m([49m[38;5;28;43mself[39;49m[38;5;241;43m.[39;49m[43mgen[49m[43m)[49m
[1;32m    136[0m [38;5;28;01mexcept[39;00m [38;5;167;01mStopIteration[39;00m:

File [0;32m/usr/share/miniconda3/envs/gridding-cookbook-dev/lib/python3.10/site-packages/xarray/backends/file_manager.py:197[0m, in [0;36mCachingFileManager.acquire_context[0;34m(self, needs_lock)[0m
[1;32m    196[0m [38;5;124;03m"""Context manager for acquiring a file."""[39;00m
[0;32m--> 197[0m file, cached [38;5;241m=[39m [38;5;28;43mself[39;49m[38;5;241;43m.[39;49m[43m_acquire_with_cache_info[49m[43m([49m[43mneeds_lock[49m[43m)[49m
[1;32m    198[0m [38;5;28;01mtry[39;00m:

File [0;32m/usr/share/miniconda3/envs/gridding-cookbook-dev/lib/python3.10/site-packages/xarray/backends/file_manager.py:215[0m, in [0;36mCachingFileManager._acquire_with_cache_info[0;34m(self, needs_lock)[0m
[1;32m    214[0m     kwargs[[38;5;124m"[39m[38;5;124mmode[39m[38;5;124m"[39m] [38;5;241m=[39m [38;5;28mself[39m[38;5;241m.[39m_mode
[0;32m--> 215[0m file [38;5;241m=[39m [38;5;28;43mself[39;49m[38;5;241;43m.[39;49m[43m_opener[49m[43m([49m[38;5;241;43m*[39;49m[38;5;28;43mself[39;49m[38;5;241;43m.[39;49m[43m_args[49m[43m,[49m[43m [49m[38;5;241;43m*[39;49m[38;5;241;43m*[39;49m[43mkwargs[49m[43m)[49m
[1;32m    216[0m [38;5;28;01mif[39;00m [38;5;28mself[39m[38;5;241m.[39m_mode [38;5;241m==[39m [38;5;124m"[39m[38;5;124mw[39m[38;5;124m"[39m:
[1;32m    217[0m     [38;5;66;03m# ensure file doesn't get overridden when opened again[39;00m

File [0;32msrc/netCDF4/_netCDF4.pyx:2463[0m, in [0;36mnetCDF4._netCDF4.Dataset.__init__[0;34m()[0m

File [0;32msrc/netCDF4/_netCDF4.pyx:2026[0m, in [0;36mnetCDF4._netCDF4._ensure_nc_success[0;34m()[0m

[0;31mFileNotFoundError[0m: [Errno 2] No such file or directory: b'/home/runner/work/gridding-cookbook/gridding-cookbook/notebooks/data/onestorm.nc'

During handling of the above exception, another exception occurred:

[0;31mFileNotFoundError[0m                         Traceback (most recent call last)
Cell [0;32mIn[6], line 1[0m
[0;32m----> 1[0m area_def, cf_info [38;5;241m=[39m [43mload_cf_area[49m[43m([49m[38;5;124;43m'[39;49m[38;5;124;43mdata/onestorm.nc[39;49m[38;5;124;43m'[39;49m[43m,[49m[43m [49m[43mvariable[49m[38;5;241;43m=[39;49m[38;5;124;43m'[39;49m[38;5;124;43mvisible[39;49m[38;5;124;43m'[39;49m[43m,[49m[43m [49m[43mx[49m[38;5;241;43m=[39;49m[38;5;124;43m'[39;49m[38;5;124;43mx[39;49m[38;5;124;43m'[39;49m[43m,[49m[43m [49m[43my[49m[38;5;241;43m=[39;49m[38;5;124;43m'[39;49m[38;5;124;43my[39;49m[38;5;124;43m'[39;49m[43m)[49m

File [0;32m/usr/share/miniconda3/envs/gridding-cookbook-dev/lib/python3.10/site-packages/pyresample/utils/cf.py:466[0m, in [0;36mload_cf_area[0;34m(nc_file, variable, y, x)[0m
[1;32m    464[0m     nc_handle [38;5;241m=[39m xr[38;5;241m.[39mopen_dataset(nc_file)
[1;32m    465[0m [38;5;28;01mexcept[39;00m [38;5;167;01mFileNotFoundError[39;00m [38;5;28;01mas[39;00m ex:
[0;32m--> 466[0m     [38;5;28;01mraise[39;00m [38;5;167;01mFileNotFoundError[39;00m([38;5;124m"[39m[38;5;124mThis file does not exist ([39m[38;5;132;01m{}[39;00m[38;5;124m)[39m[38;5;124m"[39m[38;5;241m.[39mformat(ex))
[1;32m    467[0m [38;5;28;01mexcept[39;00m ([38;5;167;01mOSError[39;00m, [38;5;167;01mTypeError[39;00m) [38;5;28;01mas[39;00m ex:
[1;32m    468[0m     [38;5;28;01mraise[39;00m [38;5;167;01mOSError[39;00m([38;5;124m"[39m[38;5;124mThis file is probably not a valid netCDF file ([39m[38;5;132;01m{}[39;00m[38;5;124m).[39m[38;5;124m"[39m[38;5;241m.[39mformat(ex))

[0;31mFileNotFoundError[0m: This file does not exist ([Errno 2] No such file or directory: b'/home/runner/work/gridding-cookbook/gridding-cookbook/notebooks/data/onestorm.nc')
FileNotFoundError: This file does not exist ([Errno 2] No such file or directory: b'/home/runner/work/gridding-cookbook/gridding-cookbook/notebooks/data/onestorm.nc')

